README File Replacement Log
============================

Date: 2025-01-22
Action: Replaced README file contents with "hello"

Affected Files:
---------------

1. /Music-Catalogue/README.rst
   - Original Size: 5067 bytes
   - New Size: 5 bytes
   - Backup: /Music-Catalogue/README.rst.backup
   - Format: ReStructuredText (.rst)
   - Permissions: -rw-r--r--

2. /Music-Catalogue/libs/network/benchmarks/README.rst
   - Original Size: 136 bytes
   - New Size: 5 bytes
   - Backup: /Music-Catalogue/libs/network/benchmarks/README.rst.backup
   - Format: ReStructuredText (.rst)
   - Permissions: -rw-r--r--

Summary:
--------
- Total README files processed: 2
- All files backed up successfully
- All file extensions preserved
- All file permissions preserved
- All changes verified

Case Variations Handled:
------------------------
- README, readme, ReadMe, Readme (all variations searched)
- Subdirectories included in search

Backup Information:
-------------------
All original content has been preserved in .backup files.
To restore original content, rename .backup files to remove the extension.

Verification:
-------------
All README files now contain exactly "hello" (5 bytes).
Original content preserved in corresponding .backup files.
