README Replacement Log
======================

Date: 2024
Action: Replaced all README file contents with "hello"

Affected Files:
--------------

1. /Music-Catalogue/README.rst
   - Original size: 5067 bytes
   - New size: 5 bytes
   - Backup: README.rst.backup
   - Format: reStructuredText (.rst)
   - Permissions: 644 (preserved)

2. /Music-Catalogue/libs/network/benchmarks/README.rst
   - Original size: 136 bytes
   - New size: 5 bytes
   - Backup: README.rst.backup (in same directory)
   - Format: reStructuredText (.rst)
   - Permissions: 644 (preserved)

Summary:
--------
- Total README files modified: 2
- All files backed up before modification
- All file formats and extensions preserved
- All file permissions preserved
- Subdirectory READMEs addressed
- Case variations handled in search process

Backup Files Created:
---------------------
1. /Music-Catalogue/README.rst.backup
2. /Music-Catalogue/libs/network/benchmarks/README.rst.backup

Note: Backup files contain the complete original content and can be used
to restore the original README files if needed.
